<?xml version="1.0" encoding="UTF-8"?>
<!-- Generated by org.testng.reporters.JUnitReportReporter -->
<testsuite hostname="ATMECSINDT-009" failures="0" tests="2" name="com.atmecs.restAssured.SeleniumAutomation.DemoTest" time="19.344" errors="0" timestamp="19 Jul 2019 08:35:33 GMT" skipped="0">
  <testcase classname="com.atmecs.restAssured.SeleniumAutomation.DemoTest" name="getTestData" time="1.041"/>
  <testcase classname="com.atmecs.restAssured.SeleniumAutomation.DemoTest" name="testPurpose" time="18.303"/>
</testsuite> <!-- com.atmecs.restAssured.SeleniumAutomation.DemoTest -->
