<?xml version="1.0" encoding="UTF-8"?>
<!-- Generated by org.testng.reporters.JUnitReportReporter -->
<testsuite hostname="ATMECSINDT-009" failures="0" tests="1" name="com.atmecs.SeleniumAutomation.Test.TestPropertiesfileData" time="0.022" errors="0" timestamp="20 Jul 2019 07:25:08 GMT" skipped="0">
  <testcase classname="com.atmecs.SeleniumAutomation.Test.TestPropertiesfileData" name="getTestData" time="0.022"/>
</testsuite> <!-- com.atmecs.SeleniumAutomation.Test.TestPropertiesfileData -->
