<?xml version="1.0" encoding="UTF-8"?>
<!-- Generated by org.testng.reporters.JUnitReportReporter -->
<testsuite hostname="ATMECSINDT-009" failures="0" tests="2" name="com.atmecs.RestAssured.AutomationTests.TestBasicFeatures" time="2.936" errors="0" timestamp="12 Jul 2019 13:00:18 GMT" skipped="0">
  <testcase classname="com.atmecs.RestAssured.AutomationTests.TestBasicFeatures" name="postEmployee" time="0.844"/>
  <testcase classname="com.atmecs.RestAssured.AutomationTests.TestBasicFeatures" name="getEmployee" time="2.092"/>
</testsuite> <!-- com.atmecs.RestAssured.AutomationTests.TestBasicFeatures -->
